May 18, 2020 11:46:31 AM Server <init>
INFO: Server starts
May 18, 2020 11:46:31 AM Server <init>
INFO: Waiting for new player loading for 10s
May 18, 2020 11:46:33 AM Server <init>
INFO: One player has joined the game!

May 18, 2020 11:46:34 AM Server <init>
INFO: One player has joined the game!

May 18, 2020 11:46:54 AM Server <init>
INFO: Time's up! New players will not be accepted!

May 18, 2020 11:46:56 AM Server <init>
INFO: Michael 
May 18, 2020 11:46:59 AM Server <init>
INFO: Hank 
May 18, 2020 11:46:59 AM Server <init>
INFO: Randomly generated number: 6
May 18, 2020 11:47:07 AM ClientHandler gameRound
INFO: Michael got congratulated. Michael 3
May 18, 2020 11:47:12 AM ClientHandler gameRound
INFO: Hank has ended the game. Hank 5(Loss)
May 18, 2020 11:47:20 AM ClientHandler gameRound
INFO: Hank has quit the game!
May 18, 2020 11:47:20 AM Server <init>
INFO: Michael 
May 18, 2020 11:47:20 AM Server <init>
INFO: Randomly generated number: 8
May 18, 2020 11:47:29 AM ClientHandler gameRound
INFO: Michael got congratulated. Michael 3
May 18, 2020 11:47:32 AM ClientHandler gameRound
INFO: Michael has quit the game!
May 18, 2020 11:47:52 AM Server <init>
INFO: No player is in the lobby! Game has stopped!

